[13:36:05] [Render thread/INFO] [JMLogger] JourneyMap log initialized.
[13:36:05] [Render thread/INFO] [JourneymapClient] initialize ENTER
[13:36:05] [Render thread/INFO] [ClientAPI] [ClientAPI] built with JourneyMap API 1.9-SNAPSHOT
[13:36:05] [Render thread/INFO] [PluginHelper] Initializing plugins with Client API: journeymap.client.api.impl.ClientAPI
[13:36:05] [Render thread/ERROR] [FileHandler] Couldn't unzip resource set from ///G:/Online Games/Minecraft/.minecraft/versions/Optimization   Shaders, FPS Boost, and QoL Optimization   Shaders FPS Boost and QoL (1) (1)-1/mods/journeymap-1.20.1-5.9.9-fabric.jar to C:\Users\Administrator\AppData\Roaming\.minecraft\versions\Optimization+  Shaders, FPS Boost, and QoL Optimization+  Shaders FPS Boost and QoL (1) (1)-1\journeymap\icon\theme\flat: java.nio.file.NoSuchFileException: G:\Online Games\Minecraft\.minecraft\versions\Optimization   Shaders, FPS Boost, and QoL Optimization   Shaders FPS Boost and QoL (1) (1)-1\mods\journeymap-1.20.1-5.9.9-fabric.jar
[13:36:05] [Render thread/INFO] [ThemeLoader] Preloaded theme textures: 0
[13:36:05] [Render thread/INFO] [?] Version: JourneyMap 1.20.1-5.9.9, built with fabric 0.83.1+1.20.1
fabric: 0.14.21
Environment: os.name, os.arch, java.version, user.country, user.language=null, game language=vi_vn, locale=vi_vn
Features: 
	RadarPlayers : singleplayer = true , multiplayer = true
	RadarAnimals : singleplayer = true , multiplayer = true
	RadarMobs : singleplayer = true , multiplayer = true
	RadarVillagers : singleplayer = true , multiplayer = true
	MapTopo : singleplayer = true , multiplayer = true
	MapSurface : singleplayer = true , multiplayer = true
	MapCaves : singleplayer = true , multiplayer = true
	MapBiome : singleplayer = true , multiplayer = true
MiniMapProperties{state=Valid, file=journeymap.minimap.config, configVersion=5.9.9, zoomLevel=0, compassFontScale=1.58, terrainAlpha=100, showEntityNames=true, positionX=0.9, positionY=0.25, effectVertical=false, showPlayerHeading=true, sizePercent=30, playerDisplayScale=1.0, showDayNight=true, showPets=true, preferredMapType=day, showCompass=true, mobDisplay=jm.common.entity_display.dots, systemTimeRealFormat=HH:mm:ss, shape=jm.minimap.shape_circle, showSelf=true, selfDisplayScale=1.0, showGrid=true, reticleOrientation=jm.minimap.orientation.compass, gameTimeRealFormat=HH:mm:ss, effectTranslateX=-78, showWaypoints=true, minimapKeyMovementSpeed=0.001, showAnimals=true, infoSlotAlpha=0.7, effectTranslateY=0, showWaypointLabels=true, moveEffectIcons=true, position=jm.minimap.position_topright, fontScale=1.88, showPlayers=true, waypointIconScale=1.0, frameAlpha=100, effectReversed=false, backgroundAlpha=0.8, enabled=true, showVillagers=true, info2Label=jm.theme.labelsource.gametime, info3Label=jm.theme.labelsource.location, showMobs=true, waypointLabelScale=1.0, showReticle=true, orientation=jm.minimap.orientation.north, info4Label=jm.theme.labelsource.biome, locationFormat=xzyv, playerDisplay=jm.common.entity_display.dots, mobDisplayScale=1.0, showCaves=true, showMobHeading=true, locationFormatVerbose=true, info1Label=jm.theme.labelsource.blank}
MiniMapProperties{state=Valid, file=journeymap.minimap2.config, configVersion=5.9.9, zoomLevel=0, compassFontScale=1.0, terrainAlpha=100, showEntityNames=true, positionX=0.9, positionY=0.25, effectVertical=false, showPlayerHeading=true, sizePercent=30, playerDisplayScale=1.0, showDayNight=true, showPets=true, preferredMapType=day, showCompass=true, mobDisplay=jm.common.entity_display.dots, systemTimeRealFormat=HH:mm:ss, shape=jm.minimap.shape_circle, showSelf=true, selfDisplayScale=1.0, showGrid=true, reticleOrientation=jm.minimap.orientation.compass, gameTimeRealFormat=HH:mm:ss, effectTranslateX=0, showWaypoints=true, minimapKeyMovementSpeed=0.001, showAnimals=true, infoSlotAlpha=0.7, effectTranslateY=0, showWaypointLabels=true, moveEffectIcons=true, position=jm.minimap.position_topright, fontScale=1.0, showPlayers=true, waypointIconScale=1.0, frameAlpha=100, effectReversed=false, backgroundAlpha=0.8, enabled=true, showVillagers=true, info2Label=jm.theme.labelsource.gametime, info3Label=jm.theme.labelsource.location, showMobs=true, waypointLabelScale=1.0, showReticle=true, orientation=jm.minimap.orientation.north, info4Label=jm.theme.labelsource.biome, locationFormat=xzyv, playerDisplay=jm.common.entity_display.dots, mobDisplayScale=1.0, showCaves=true, showMobHeading=true, locationFormatVerbose=true, info1Label=jm.theme.labelsource.blank}
FullMapProperties{state=Valid, file=journeymap.fullmap.config, configVersion=5.9.9, zoomLevel=2, showPlayers=true, waypointIconScale=1.0, showEntityNames=true, showPlayerHeading=true, showVillagers=true, showPlayerLoc=true, showKeys=true, playerDisplayScale=1.0, showMobs=true, showPets=true, waypointLabelScale=1.0, preferredMapType=day, mobDisplay=jm.common.entity_display.dots, showSelf=true, locationFormat=xzyv, playerDisplay=jm.common.entity_display.dots, mobDisplayScale=1.0, selfDisplayScale=1.0, showGrid=true, showMouseLoc=true, showWaypoints=true, showCaves=true, showAnimals=true, dragScale=1, showMobHeading=true, showWaypointLabels=true, locationFormatVerbose=true, fontScale=1.37}
WaypointProperties{state=Valid, file=journeymap.waypoint.config, configVersion=5.9.9, autoRemoveDeathpointDistance=2, dateFormat=MM-dd-yyyy, autoRemoveDeathpoints=false, fullscreenDoubleClickToCreate=true, managerDimensionFocus=false, minDistance=4, boldLabel=false, textureSmall=true, showDeathpointlabel=true, beaconEnabled=true, createDeathpoints=true, showName=true, disableStrikeThrough=false, maxDistance=0, autoHideLabel=true, autoRemoveTempWaypoints=2, teleportCommand=/tp {name} {x} {y} {z}, showStaticBeam=true, shaderBeacon=false, timeFormat=HH:mm:ss, showDeviationLabel=false, showDistance=true, showRotatingBeam=true, fontScale=2.0, showTexture=true, managerEnabled=true}
WebMapProperties{state=Valid, file=journeymap.webmap.config, configVersion=5.9.9, port=8080, enabled=false}
CoreProperties{state=Valid, file=journeymap.core.config, configVersion=5.9.9, verboseColorPalette=false, maxPlayersData=32, mapSurfaceAboveCaves=true, dataCachingEnabled=true, optionsManagerViewed=5.9.9, announceMod=true, colorPassive=#bbbbbb, mapBlendWater=false, renderDistanceSurfaceMax=0, seedId=false, radarVerticalDistance=16, mapBlendGrass=true, recordCacheStats=false, hideSneakingEntities=true, revealShape=jm.minimap.shape_circle, mapBiome=true, alwaysMapSurface=false, colorVillager=#88e188, mapPlants=false, colorPet=#0077ff, radarLateralDistance=64, mapBathymetry=false, mapCrops=true, maxMobsData=32, mapPlantShadows=false, alwaysMapCaves=false, checkUpdates=true, mapBlendFoliage=true, hideSpectators=false, mappingEnabled=true, colorPlayer=#ffffff, tileHighDisplayQuality=true, cacheVillagersData=2200, logLevel=INFO, maxVillagersData=32, mapWaterBiomeColors=false, maxAnimalsData=32, mapTransparency=true, caveBlackAsClear=false, tileRenderType=1, caveIgnoreGlass=true, mapTopography=true, renderDistanceCaveMax=0, mapAntialiasing=true, colorSelf=#0000ff, cachePlayersData=2000, cacheMobsData=3000, cachePlayerData=1000, splashViewed=5.9.9, colorHostile=#ff0000, cacheAnimalsData=3100, themeName=OceanMonument, mapCaveLighting=true, renderDelay=2, glErrorChecking=false, autoMapPoll=2000}
[13:36:06] [Render thread/INFO] [JourneymapClient] initialize EXIT, elapsed count 1 avg 1001.19ms
[13:36:06] [Render thread/INFO] [JourneymapClient] postInitialize EXIT, elapsed count 1 avg 75.38ms
[13:36:08] [JM-VersionCheck-1/INFO] [VersionCheck] Newer version online: JourneyMap 5.9.18 for Minecraft 1.20.1 on https://www.curseforge.com/minecraft/mc-mods/journeymap/files/4873844
[13:36:09] [Render thread/WARN] [ColorPalette] Existing color palette's resource packs no longer match current loadout.
[13:36:09] [Render thread/INFO] [ColorPalette] WAS: Black Icons, Classic Icons, Default Connected Textures, Fabric Mods, Faithless1.20.zip, Glass Pane Culling Fix, M?c ??nh, ReimaginedGUI(Dark)+1.20.zip, Tác ph?m c?a l?p trình viên, T??ng ph?n cao, White Icons, minecraft/supporteatinganimation
NOW: Black Icons, Classic Icons, Default Connected Textures, Fabric Mods, Faithless1.20.zip, Glass Pane Culling Fix, Gói tài nguyên c?, M?c ??nh, ReimaginedGUI(Dark)+1.20.zip, T??ng ph?n cao, White Icons, minecraft/supporteatinganimation
[13:36:09] [Render thread/INFO] [ColorPalette] Color palette file generated for 0 blockstates in 3ms for: C:\Users\Administrator\AppData\Roaming\.minecraft\versions\Optimization+  Shaders, FPS Boost, and QoL Optimization+  Shaders FPS Boost and QoL (1) (1)-1\journeymap\colorpalette.json
[13:36:09] [Render thread/INFO] [ColorManager] Updated color palette for 903 blockstates in 430ms: C:\Users\Administrator\AppData\Roaming\.minecraft\versions\Optimization+  Shaders, FPS Boost, and QoL Optimization+  Shaders FPS Boost and QoL (1) (1)-1\journeymap\colorpalette.json
[13:39:11] [Render thread/INFO] [ChatLog] JourneyMap: Press [J]
[13:39:11] [Render thread/INFO] [WaypointStore] Loaded 0 waypoints from C:\Users\Administrator\AppData\Roaming\.minecraft\versions\Optimization+  Shaders, FPS Boost, and QoL Optimization+  Shaders FPS Boost and QoL (1) (1)-1\journeymap\data\sp\PhucVSDucCongBinhCo\waypoints
[13:39:11] [Render thread/INFO] [JourneymapClient] Mapping started in C:\Users\Administrator\AppData\Roaming\.minecraft\versions\Optimization+  Shaders, FPS Boost, and QoL Optimization+  Shaders FPS Boost and QoL (1) (1)-1\journeymap\data\sp\PhucVSDucCongBinhCo\overworld. Memory: 3008MB total, 1435MB free 
[13:49:39] [Render thread/INFO] [DeathPointHandler] Phucdiamond died at class_2338{x=227, y=65, z=314}. Deathpoints enabled: true. Deathpoint created: true
[14:17:32] [Render thread/INFO] [StatTimer] TileDrawStep.updateRegionTexture hit max count, 1000000
[14:23:16] [Render thread/ERROR] [FileHandler] Couldn't unzip resource set from ///G:/Online Games/Minecraft/.minecraft/versions/Optimization   Shaders, FPS Boost, and QoL Optimization   Shaders FPS Boost and QoL (1) (1)-1/mods/journeymap-1.20.1-5.9.9-fabric.jar to C:\Users\Administrator\AppData\Roaming\.minecraft\versions\Optimization+  Shaders, FPS Boost, and QoL Optimization+  Shaders FPS Boost and QoL (1) (1)-1\journeymap\web: java.nio.file.NoSuchFileException: G:\Online Games\Minecraft\.minecraft\versions\Optimization   Shaders, FPS Boost, and QoL Optimization   Shaders FPS Boost and QoL (1) (1)-1\mods\journeymap-1.20.1-5.9.9-fabric.jar
[14:23:16] [Render thread/INFO] [ChatLog] JourneyMap: Press [J] or open browser to http://localhost:8080 
[14:28:11] [Render thread/INFO] [StatTimer] TileDrawStep.draw(low) hit max count, 1000000
[14:45:56] [Render thread/INFO] [DeathPointHandler] Phucdiamond died at class_2338{x=369, y=-51, z=589}. Deathpoints enabled: true. Deathpoint created: true
[14:57:30] [Render thread/INFO] [DeathPointHandler] Phucdiamond died at class_2338{x=450, y=-21, z=617}. Deathpoints enabled: true. Deathpoint created: true
[15:59:59] [Render thread/INFO] [DeathPointHandler] Phucdiamond died at class_2338{x=4905, y=61, z=-662}. Deathpoints enabled: true. Deathpoint created: true
[16:06:42] [Render thread/INFO] [JourneymapClient] Mapping halted in C:\Users\Administrator\AppData\Roaming\.minecraft\versions\Optimization+  Shaders, FPS Boost, and QoL Optimization+  Shaders FPS Boost and QoL (1) (1)-1\journeymap\data\mp\offline\minecraft:overworld
