[09:34:00] [Render thread/INFO] [JMLogger] JourneyMap log initialized.
[09:34:00] [Render thread/INFO] [JourneymapClient] initialize ENTER
[09:34:00] [Render thread/INFO] [ClientAPI] [ClientAPI] built with JourneyMap API 1.9-SNAPSHOT
[09:34:00] [Render thread/INFO] [PluginHelper] Initializing plugins with Client API: journeymap.client.api.impl.ClientAPI
[09:34:01] [Render thread/ERROR] [FileHandler] Couldn't unzip resource set from ///C:/Users/Administrator/AppData/Roaming/.minecraft/versions/Optimization   Shaders, FPS Boost, and QoL Optimization   Shaders FPS Boost and QoL (1) (1)-1/mods/journeymap-1.20.1-5.9.9-fabric.jar to C:\Users\Administrator\AppData\Roaming\.minecraft\versions\Optimization+  Shaders, FPS Boost, and QoL Optimization+  Shaders FPS Boost and QoL (1) (1)-1\journeymap\icon\theme\flat: java.nio.file.NoSuchFileException: C:\Users\Administrator\AppData\Roaming\.minecraft\versions\Optimization   Shaders, FPS Boost, and QoL Optimization   Shaders FPS Boost and QoL (1) (1)-1\mods\journeymap-1.20.1-5.9.9-fabric.jar
[09:34:01] [Render thread/INFO] [PropertiesBase] core (FirstLoaded) Setting config file to version "5.9.9": journeymap.core.config
[09:34:01] [Render thread/INFO] [PropertiesBase] core (Valid) Creating config file: C:\Users\Administrator\AppData\Roaming\.minecraft\versions\Optimization+  Shaders, FPS Boost, and QoL Optimization+  Shaders FPS Boost and QoL (1) (1)-1\journeymap\config\5.9\journeymap.core.config
[09:34:01] [Render thread/INFO] [PropertiesBase] fullmap (FirstLoaded) Setting config file to version "5.9.9": journeymap.fullmap.config
[09:34:01] [Render thread/INFO] [PropertiesBase] fullmap (Valid) Creating config file: C:\Users\Administrator\AppData\Roaming\.minecraft\versions\Optimization+  Shaders, FPS Boost, and QoL Optimization+  Shaders FPS Boost and QoL (1) (1)-1\journeymap\config\5.9\journeymap.fullmap.config
[09:34:01] [Render thread/INFO] [PropertiesBase] minimap (Initialized) Setting config file to version "5.9.9": journeymap.minimap.config
[09:34:01] [Render thread/INFO] [PropertiesBase] minimap (Valid) Creating config file: C:\Users\Administrator\AppData\Roaming\.minecraft\versions\Optimization+  Shaders, FPS Boost, and QoL Optimization+  Shaders FPS Boost and QoL (1) (1)-1\journeymap\config\5.9\journeymap.minimap.config
[09:34:01] [Render thread/INFO] [PropertiesBase] minimap2 (FirstLoaded) Setting config file to version "5.9.9": journeymap.minimap2.config
[09:34:01] [Render thread/INFO] [PropertiesBase] minimap2 (Valid) Creating config file: C:\Users\Administrator\AppData\Roaming\.minecraft\versions\Optimization+  Shaders, FPS Boost, and QoL Optimization+  Shaders FPS Boost and QoL (1) (1)-1\journeymap\config\5.9\journeymap.minimap2.config
[09:34:01] [Render thread/INFO] [PropertiesBase] topo (FirstLoaded) Setting config file to version "5.9.9": journeymap.topo.config
[09:34:01] [Render thread/INFO] [PropertiesBase] topo (Valid) Creating config file: C:\Users\Administrator\AppData\Roaming\.minecraft\versions\Optimization+  Shaders, FPS Boost, and QoL Optimization+  Shaders FPS Boost and QoL (1) (1)-1\journeymap\config\5.9\journeymap.topo.config
[09:34:01] [Render thread/INFO] [PropertiesBase] webmap (FirstLoaded) Setting config file to version "5.9.9": journeymap.webmap.config
[09:34:01] [Render thread/INFO] [PropertiesBase] webmap (Valid) Creating config file: C:\Users\Administrator\AppData\Roaming\.minecraft\versions\Optimization+  Shaders, FPS Boost, and QoL Optimization+  Shaders FPS Boost and QoL (1) (1)-1\journeymap\config\5.9\journeymap.webmap.config
[09:34:01] [Render thread/INFO] [PropertiesBase] waypoint (FirstLoaded) Setting config file to version "5.9.9": journeymap.waypoint.config
[09:34:01] [Render thread/INFO] [PropertiesBase] waypoint (Valid) Creating config file: C:\Users\Administrator\AppData\Roaming\.minecraft\versions\Optimization+  Shaders, FPS Boost, and QoL Optimization+  Shaders FPS Boost and QoL (1) (1)-1\journeymap\config\5.9\journeymap.waypoint.config
[09:34:01] [Render thread/ERROR] [FileHandler] Couldn't unzip resource set from ///C:/Users/Administrator/AppData/Roaming/.minecraft/versions/Optimization   Shaders, FPS Boost, and QoL Optimization   Shaders FPS Boost and QoL (1) (1)-1/mods/journeymap-1.20.1-5.9.9-fabric.jar to C:\Users\Administrator\AppData\Roaming\.minecraft\versions\Optimization+  Shaders, FPS Boost, and QoL Optimization+  Shaders FPS Boost and QoL (1) (1)-1\journeymap\icon\theme\flat: java.nio.file.NoSuchFileException: C:\Users\Administrator\AppData\Roaming\.minecraft\versions\Optimization   Shaders, FPS Boost, and QoL Optimization   Shaders FPS Boost and QoL (1) (1)-1\mods\journeymap-1.20.1-5.9.9-fabric.jar
[09:34:01] [Render thread/INFO] [ThemeLoader] Preloaded theme textures: 0
[09:34:01] [Render thread/INFO] [?] Version: JourneyMap 1.20.1-5.9.9, built with fabric 0.83.1+1.20.1
fabric: 0.14.21
Environment: os.name, os.arch, java.version, user.country, user.language=null, game language=en_us, locale=en_us
Features: 
	RadarPlayers : singleplayer = true , multiplayer = true
	RadarAnimals : singleplayer = true , multiplayer = true
	RadarMobs : singleplayer = true , multiplayer = true
	RadarVillagers : singleplayer = true , multiplayer = true
	MapTopo : singleplayer = true , multiplayer = true
	MapSurface : singleplayer = true , multiplayer = true
	MapCaves : singleplayer = true , multiplayer = true
	MapBiome : singleplayer = true , multiplayer = true
MiniMapProperties{state=SavedOk, file=journeymap.minimap.config, configVersion=5.9.9, zoomLevel=0, compassFontScale=1.0, terrainAlpha=100, showEntityNames=true, positionX=0.9, positionY=0.25, effectVertical=false, showPlayerHeading=true, sizePercent=30, playerDisplayScale=1.0, showDayNight=true, showPets=true, preferredMapType=day, showCompass=true, mobDisplay=jm.common.entity_display.dots, systemTimeRealFormat=HH:mm:ss, shape=jm.minimap.shape_circle, showSelf=true, selfDisplayScale=1.0, showGrid=true, reticleOrientation=jm.minimap.orientation.compass, gameTimeRealFormat=HH:mm:ss, effectTranslateX=0, showWaypoints=true, minimapKeyMovementSpeed=0.001, showAnimals=true, infoSlotAlpha=0.7, effectTranslateY=0, showWaypointLabels=true, moveEffectIcons=true, position=jm.minimap.position_topright, fontScale=1.0, showPlayers=true, waypointIconScale=1.0, frameAlpha=100, effectReversed=false, backgroundAlpha=0.8, enabled=true, showVillagers=true, info2Label=jm.theme.labelsource.gametime, info3Label=jm.theme.labelsource.location, showMobs=true, waypointLabelScale=1.0, showReticle=true, orientation=jm.minimap.orientation.north, info4Label=jm.theme.labelsource.biome, locationFormat=xzyv, playerDisplay=jm.common.entity_display.dots, mobDisplayScale=1.0, showCaves=true, showMobHeading=true, locationFormatVerbose=true, info1Label=jm.theme.labelsource.blank}
MiniMapProperties{state=SavedOk, file=journeymap.minimap2.config, configVersion=5.9.9, zoomLevel=0, compassFontScale=1.0, terrainAlpha=100, showEntityNames=true, positionX=0.9, positionY=0.25, effectVertical=false, showPlayerHeading=true, sizePercent=30, playerDisplayScale=1.0, showDayNight=true, showPets=true, preferredMapType=day, showCompass=true, mobDisplay=jm.common.entity_display.dots, systemTimeRealFormat=HH:mm:ss, shape=jm.minimap.shape_rectangle, showSelf=true, selfDisplayScale=1.0, showGrid=true, reticleOrientation=jm.minimap.orientation.compass, gameTimeRealFormat=HH:mm:ss, effectTranslateX=0, showWaypoints=true, minimapKeyMovementSpeed=0.001, showAnimals=true, infoSlotAlpha=0.7, effectTranslateY=0, showWaypointLabels=true, moveEffectIcons=true, position=jm.minimap.position_topright, fontScale=1.0, showPlayers=true, waypointIconScale=1.0, frameAlpha=100, effectReversed=false, backgroundAlpha=0.8, enabled=true, showVillagers=true, info2Label=jm.theme.labelsource.gametime, info3Label=jm.theme.labelsource.location, showMobs=true, waypointLabelScale=1.0, showReticle=true, orientation=jm.minimap.orientation.north, info4Label=jm.theme.labelsource.biome, locationFormat=xzyv, playerDisplay=jm.common.entity_display.dots, mobDisplayScale=1.0, showCaves=true, showMobHeading=true, locationFormatVerbose=true, info1Label=jm.theme.labelsource.blank}
FullMapProperties{state=SavedOk, file=journeymap.fullmap.config, configVersion=5.9.9, zoomLevel=0, showPlayers=true, waypointIconScale=1.0, showEntityNames=true, showPlayerHeading=true, showVillagers=true, showPlayerLoc=true, showKeys=true, playerDisplayScale=1.0, showMobs=true, showPets=true, waypointLabelScale=1.0, preferredMapType=day, mobDisplay=jm.common.entity_display.dots, showSelf=true, locationFormat=xzyv, playerDisplay=jm.common.entity_display.dots, mobDisplayScale=1.0, selfDisplayScale=1.0, showGrid=true, showMouseLoc=true, showWaypoints=true, showCaves=true, showAnimals=true, dragScale=1, showMobHeading=true, showWaypointLabels=true, locationFormatVerbose=true, fontScale=1.0}
WaypointProperties{state=SavedOk, file=journeymap.waypoint.config, configVersion=5.9.9, autoRemoveDeathpointDistance=2, dateFormat=MM-dd-yyyy, autoRemoveDeathpoints=false, fullscreenDoubleClickToCreate=true, managerDimensionFocus=false, minDistance=4, boldLabel=false, textureSmall=true, showDeathpointlabel=true, beaconEnabled=true, createDeathpoints=true, showName=true, disableStrikeThrough=false, maxDistance=0, autoHideLabel=true, autoRemoveTempWaypoints=2, teleportCommand=/tp {name} {x} {y} {z}, showStaticBeam=true, shaderBeacon=false, timeFormat=HH:mm:ss, showDeviationLabel=false, showDistance=true, showRotatingBeam=true, fontScale=2.0, showTexture=true, managerEnabled=true}
WebMapProperties{state=SavedOk, file=journeymap.webmap.config, configVersion=5.9.9, port=8080, enabled=false}
CoreProperties{state=SavedOk, file=journeymap.core.config, configVersion=5.9.9, verboseColorPalette=false, maxPlayersData=32, mapSurfaceAboveCaves=true, dataCachingEnabled=true, optionsManagerViewed=null, announceMod=true, colorPassive=#bbbbbb, mapBlendWater=false, renderDistanceSurfaceMax=0, seedId=false, radarVerticalDistance=16, mapBlendGrass=true, recordCacheStats=false, hideSneakingEntities=true, revealShape=jm.minimap.shape_circle, mapBiome=true, alwaysMapSurface=false, colorVillager=#88e188, mapPlants=false, colorPet=#0077ff, radarLateralDistance=64, mapBathymetry=false, mapCrops=true, maxMobsData=32, mapPlantShadows=false, alwaysMapCaves=false, checkUpdates=true, mapBlendFoliage=true, hideSpectators=false, mappingEnabled=true, colorPlayer=#ffffff, tileHighDisplayQuality=true, cacheVillagersData=2200, logLevel=INFO, maxVillagersData=32, mapWaterBiomeColors=false, maxAnimalsData=32, mapTransparency=true, caveBlackAsClear=false, tileRenderType=1, caveIgnoreGlass=true, mapTopography=true, renderDistanceCaveMax=0, mapAntialiasing=true, colorSelf=#0000ff, cachePlayersData=2000, cacheMobsData=3000, cachePlayerData=1000, splashViewed=null, colorHostile=#ff0000, cacheAnimalsData=3100, themeName=OceanMonument, mapCaveLighting=true, renderDelay=2, glErrorChecking=false, autoMapPoll=2000}
[09:34:01] [Render thread/INFO] [JourneymapClient] initialize EXIT, elapsed count 1 avg 2030.1ms
[09:34:01] [Render thread/INFO] [JourneymapClient] postInitialize EXIT, elapsed count 1 avg 9.32ms
[09:34:03] [JM-VersionCheck-1/INFO] [VersionCheck] Newer version online: JourneyMap 5.9.18 for Minecraft 1.20.1 on https://www.curseforge.com/minecraft/mc-mods/journeymap/files/4873844
[09:34:06] [Render thread/INFO] [ColorPalette] Color palette file generated for 0 blockstates in 6ms for: C:\Users\Administrator\AppData\Roaming\.minecraft\versions\Optimization+  Shaders, FPS Boost, and QoL Optimization+  Shaders FPS Boost and QoL (1) (1)-1\journeymap\colorpalette.json
[09:34:06] [Render thread/INFO] [ColorManager] Updated color palette for 903 blockstates in 961ms: C:\Users\Administrator\AppData\Roaming\.minecraft\versions\Optimization+  Shaders, FPS Boost, and QoL Optimization+  Shaders FPS Boost and QoL (1) (1)-1\journeymap\colorpalette.json
[09:35:24] [Render thread/WARN] [ColorPalette] Existing color palette's resource packs no longer match current loadout.
[09:35:24] [Render thread/INFO] [ColorPalette] WAS: Black Icons, Classic Icons, Default, Default Connected Textures, Fabric Mods, Faithless1.20.zip, Glass Pane Culling Fix, High Contrast, Programmer Art, ReimaginedGUI(Dark)+1.20.zip, White Icons, minecraft/supporteatinganimation
NOW: Black Icons, Classic Icons, Default Connected Textures, Fabric Mods, Faithless1.20.zip, Glass Pane Culling Fix, M?c ??nh, ReimaginedGUI(Dark)+1.20.zip, Tác ph?m c?a l?p trình viên, T??ng ph?n cao, White Icons, minecraft/supporteatinganimation
[09:35:24] [Render thread/INFO] [ColorPalette] Color palette file generated for 0 blockstates in 2ms for: C:\Users\Administrator\AppData\Roaming\.minecraft\versions\Optimization+  Shaders, FPS Boost, and QoL Optimization+  Shaders FPS Boost and QoL (1) (1)-1\journeymap\colorpalette.json
[09:35:24] [Render thread/INFO] [ColorManager] Updated color palette for 903 blockstates in 85ms: C:\Users\Administrator\AppData\Roaming\.minecraft\versions\Optimization+  Shaders, FPS Boost, and QoL Optimization+  Shaders FPS Boost and QoL (1) (1)-1\journeymap\colorpalette.json
[09:36:06] [Render thread/WARN] [PropertiesBase] core (Initialized) Bad configField entry during updateFrom(): optionsManagerViewed=null
[09:36:06] [Render thread/WARN] [PropertiesBase] core (Initialized) Bad configField entry during updateFrom(): splashViewed=null
[09:36:06] [Render thread/INFO] [WaypointStore] Loaded 0 waypoints from C:\Users\Administrator\AppData\Roaming\.minecraft\versions\Optimization+  Shaders, FPS Boost, and QoL Optimization+  Shaders FPS Boost and QoL (1) (1)-1\journeymap\data\mp\M~y~ch~Minecraft\waypoints
[09:36:06] [Render thread/INFO] [JourneymapClient] Mapping started in C:\Users\Administrator\AppData\Roaming\.minecraft\versions\Optimization+  Shaders, FPS Boost, and QoL Optimization+  Shaders FPS Boost and QoL (1) (1)-1\journeymap\data\mp\M~y~ch~Minecraft\overworld. Memory: 864MB total, 352MB free 
[09:36:07] [Render thread/INFO] [ChatLog] JourneyMap: Press [J]
[09:36:32] [Render thread/INFO] [JourneymapClient] Mapping halted in C:\Users\Administrator\AppData\Roaming\.minecraft\versions\Optimization+  Shaders, FPS Boost, and QoL Optimization+  Shaders FPS Boost and QoL (1) (1)-1\journeymap\data\mp\M~y~ch~Minecraft\minecraft:overworld
[09:36:35] [Render thread/WARN] [PropertiesBase] core (Initialized) Bad configField entry during updateFrom(): optionsManagerViewed=null
[09:36:35] [Render thread/WARN] [PropertiesBase] core (Initialized) Bad configField entry during updateFrom(): splashViewed=null
[09:36:35] [Render thread/INFO] [WaypointStore] Loaded 0 waypoints from C:\Users\Administrator\AppData\Roaming\.minecraft\versions\Optimization+  Shaders, FPS Boost, and QoL Optimization+  Shaders FPS Boost and QoL (1) (1)-1\journeymap\data\mp\M~y~ch~Minecraft\waypoints
[09:36:35] [Render thread/INFO] [JourneymapClient] Mapping started in C:\Users\Administrator\AppData\Roaming\.minecraft\versions\Optimization+  Shaders, FPS Boost, and QoL Optimization+  Shaders FPS Boost and QoL (1) (1)-1\journeymap\data\mp\M~y~ch~Minecraft\overworld. Memory: 864MB total, 255MB free 
[09:36:42] [Render thread/INFO] [JourneymapClient] Mapping halted in C:\Users\Administrator\AppData\Roaming\.minecraft\versions\Optimization+  Shaders, FPS Boost, and QoL Optimization+  Shaders FPS Boost and QoL (1) (1)-1\journeymap\data\mp\M~y~ch~Minecraft\minecraft:overworld
[09:36:44] [Render thread/WARN] [PropertiesBase] core (Initialized) Bad configField entry during updateFrom(): optionsManagerViewed=null
[09:36:44] [Render thread/WARN] [PropertiesBase] core (Initialized) Bad configField entry during updateFrom(): splashViewed=null
[09:36:44] [Render thread/INFO] [WaypointStore] Loaded 0 waypoints from C:\Users\Administrator\AppData\Roaming\.minecraft\versions\Optimization+  Shaders, FPS Boost, and QoL Optimization+  Shaders FPS Boost and QoL (1) (1)-1\journeymap\data\mp\M~y~ch~Minecraft\waypoints
[09:36:44] [Render thread/INFO] [JourneymapClient] Mapping started in C:\Users\Administrator\AppData\Roaming\.minecraft\versions\Optimization+  Shaders, FPS Boost, and QoL Optimization+  Shaders FPS Boost and QoL (1) (1)-1\journeymap\data\mp\M~y~ch~Minecraft\overworld. Memory: 864MB total, 214MB free 
[09:37:17] [Render thread/INFO] [JourneymapClient] Mapping halted in C:\Users\Administrator\AppData\Roaming\.minecraft\versions\Optimization+  Shaders, FPS Boost, and QoL Optimization+  Shaders FPS Boost and QoL (1) (1)-1\journeymap\data\mp\M~y~ch~Minecraft\minecraft:overworld
[09:37:20] [Render thread/WARN] [PropertiesBase] core (Initialized) Bad configField entry during updateFrom(): optionsManagerViewed=null
[09:37:20] [Render thread/WARN] [PropertiesBase] core (Initialized) Bad configField entry during updateFrom(): splashViewed=null
[09:37:20] [Render thread/INFO] [WaypointStore] Loaded 0 waypoints from C:\Users\Administrator\AppData\Roaming\.minecraft\versions\Optimization+  Shaders, FPS Boost, and QoL Optimization+  Shaders FPS Boost and QoL (1) (1)-1\journeymap\data\mp\M~y~ch~Minecraft\waypoints
[09:37:20] [Render thread/INFO] [JourneymapClient] Mapping started in C:\Users\Administrator\AppData\Roaming\.minecraft\versions\Optimization+  Shaders, FPS Boost, and QoL Optimization+  Shaders FPS Boost and QoL (1) (1)-1\journeymap\data\mp\M~y~ch~Minecraft\overworld. Memory: 1120MB total, 441MB free 
[09:37:55] [Render thread/INFO] [JourneymapClient] Mapping halted in C:\Users\Administrator\AppData\Roaming\.minecraft\versions\Optimization+  Shaders, FPS Boost, and QoL Optimization+  Shaders FPS Boost and QoL (1) (1)-1\journeymap\data\mp\M~y~ch~Minecraft\minecraft:overworld
[09:37:55] [JM-task-7/WARN] [TaskBatch] TaskBatch thread interrupted: journeymap.client.task.multi.MapPlayerTask$MapPlayerTaskBatch@2487590
